<?xml version="1.0" encoding="UTF-8"?>
<!-- Generated by org.testng.reporters.JUnitReportReporter -->
<testsuite hostname="LAPTOP-51R58UTH" name="runners.TestRunnerWithTestNG" tests="1" failures="0" timestamp="9 Dec 2020 03:48:11 GMT" time="17.579" errors="0">
  <testcase name="feature" time="17.579" classname="runners.TestRunnerWithTestNG"/>
</testsuite> <!-- runners.TestRunnerWithTestNG -->
